INFO: [VRFC 10-2263] Analyzing Verilog file "C:/Users/ahmet/Projects/Vivado/sstu/SSTU_deney3/SSTU_deney3.srcs/sources_1/imports/SSTU_lib/MSI_Library.v" into library xil_defaultlib
INFO: [VRFC 10-311] analyzing module DECODER
INFO: [VRFC 10-311] analyzing module ENCODER
INFO: [VRFC 10-311] analyzing module MUX
INFO: [VRFC 10-311] analyzing module DEMUX
INFO: [VRFC 10-2263] Analyzing Verilog file "C:/Users/ahmet/Projects/Vivado/sstu/SSTU_deney3/SSTU_deney3.srcs/sources_1/imports/SSTU_lib/SSI_Library.v" into library xil_defaultlib
INFO: [VRFC 10-311] analyzing module and_gate
INFO: [VRFC 10-311] analyzing module or_gate
INFO: [VRFC 10-311] analyzing module not_gate
INFO: [VRFC 10-311] analyzing module nand_gate
INFO: [VRFC 10-311] analyzing module nor_gate
INFO: [VRFC 10-311] analyzing module xor_gate
INFO: [VRFC 10-311] analyzing module xnor_gate
INFO: [VRFC 10-311] analyzing module TRI
INFO: [VRFC 10-2263] Analyzing Verilog file "C:/Users/ahmet/Projects/Vivado/sstu/SSTU_deney3/SSTU_deney3.srcs/sources_1/new/three_different_methods.v" into library xil_defaultlib
INFO: [VRFC 10-311] analyzing module with_SSI
INFO: [VRFC 10-311] analyzing module with_decoder
INFO: [VRFC 10-311] analyzing module with_MUX
INFO: [VRFC 10-2263] Analyzing Verilog file "C:/Users/ahmet/Projects/Vivado/sstu/SSTU_deney3/SSTU_deney3.srcs/sim_1/imports/verilen_dosyalar/experiment3_tb.v" into library xil_defaultlib
INFO: [VRFC 10-311] analyzing module experiment3_tb
